[02:18:53] [ServerMain/INFO]: [bootstrap] Running Java 21 (OpenJDK 64-Bit Server VM 21.0.9+10-Ubuntu-124.04; Ubuntu null) on Linux 6.8.0-1030-azure (amd64)
[02:18:53] [ServerMain/INFO]: [bootstrap] Loading Paper 1.21.10-117-ver/1.21.10@df4b668 (2025-11-30T22:37:28Z) for Minecraft 1.21.10
[02:18:54] [ServerMain/INFO]: [PluginInitializerManager] Initializing plugins...
[02:18:55] [ServerMain/INFO]: [PluginInitializerManager] Initialized 1 plugin
[02:18:55] [ServerMain/INFO]: [PluginInitializerManager] Bukkit plugins (1):
 - SkinsRestorer (15.9.1)
[02:19:02] [ServerMain/INFO]: Environment: Environment[sessionHost=https://sessionserver.mojang.com, servicesHost=https://api.minecraftservices.com, profilesHost=https://api.mojang.com, name=PROD]
[02:19:06] [ServerMain/INFO]: Loaded 1461 recipes
[02:19:06] [ServerMain/INFO]: Loaded 1574 advancements
[02:19:06] [ServerMain/INFO]: [ca.spottedleaf.dataconverter.minecraft.datatypes.MCTypeRegistry] Initialising converters for DataConverter...
[02:19:07] [ServerMain/INFO]: [ca.spottedleaf.dataconverter.minecraft.datatypes.MCTypeRegistry] Finished initialising converters for DataConverter in 676.6ms
[02:19:07] [Server thread/INFO]: Starting minecraft server version 1.21.10
[02:19:07] [Server thread/INFO]: Loading properties
[02:19:07] [Server thread/INFO]: This server is running Paper version 1.21.10-117-ver/1.21.10@df4b668 (2025-11-30T22:37:28Z) (Implementing API version 1.21.10-R0.1-SNAPSHOT)
[02:19:07] [Server thread/INFO]: [spark] This server bundles the spark profiler. For more information please visit https://docs.papermc.io/paper/profiling
[02:19:07] [Server thread/INFO]: Server Ping Player Sample Count: 12
[02:19:07] [Server thread/INFO]: Using 4 threads for Netty based IO
[02:19:09] [Server thread/INFO]: [MoonriseCommon] Paper is using 1 worker threads, 1 I/O threads
[02:19:10] [Server thread/INFO]: Default game type: SURVIVAL
[02:19:10] [Server thread/INFO]: Generating keypair
[02:19:10] [Server thread/INFO]: Starting Minecraft server on *:25565
[02:19:10] [Server thread/INFO]: Using epoll channel type
[02:19:10] [Server thread/INFO]: Paper: Using libdeflate (Linux x86_64) compression from Velocity.
[02:19:10] [Server thread/INFO]: Paper: Using OpenSSL 3.x.x (Linux x86_64) cipher from Velocity.
[02:19:10] [Server thread/INFO]: [SkinsRestorer] Loading server plugin SkinsRestorer v15.9.1
[02:19:10] [Server thread/INFO]: Server permissions file permissions.yml is empty, ignoring it
[02:19:10] [Server thread/INFO]: [SkinsRestorer] Enabling SkinsRestorer v15.9.1
[02:19:12] [Server thread/INFO]: [SkinsRestorer] Running on Minecraft 1.21.10.
[02:19:12] [Server thread/INFO]: [SkinsRestorer] Using paper join listener!
[02:19:13] [Server thread/WARN]: **** SERVER IS RUNNING IN OFFLINE/INSECURE MODE!
[02:19:13] [Server thread/WARN]: The server will make no attempt to authenticate usernames. Beware.
[02:19:13] [Server thread/WARN]: While this makes the game possible to play without internet access, it also opens up the ability for hackers to connect with any username they choose.
[02:19:13] [Server thread/WARN]: To change this, set "online-mode" to "true" in the server.properties file.
[02:19:13] [Server thread/INFO]: Preparing level "world"
[02:19:13] [Folia Async Scheduler Thread #1/INFO]: [SkinsRestorer] ----------------------------------------------
[02:19:13] [Folia Async Scheduler Thread #1/INFO]: [SkinsRestorer]     +==================+
[02:19:13] [Folia Async Scheduler Thread #1/INFO]: [SkinsRestorer]     |   SkinsRestorer  |
[02:19:13] [Folia Async Scheduler Thread #1/INFO]: [SkinsRestorer]     |------------------|
[02:19:13] [Folia Async Scheduler Thread #1/INFO]: [SkinsRestorer]     |  Standalone Mode |
[02:19:13] [Folia Async Scheduler Thread #1/INFO]: [SkinsRestorer]     +==================+
[02:19:13] [Folia Async Scheduler Thread #1/INFO]: [SkinsRestorer] ----------------------------------------------
[02:19:13] [Folia Async Scheduler Thread #1/INFO]: [SkinsRestorer]     Version: 15.9.1
[02:19:13] [Folia Async Scheduler Thread #1/INFO]: [SkinsRestorer]     Commit: ee713cb
[02:19:13] [Folia Async Scheduler Thread #1/INFO]: [SkinsRestorer]     This is the latest version!
[02:19:13] [Folia Async Scheduler Thread #1/INFO]: [SkinsRestorer] ----------------------------------------------
[02:19:13] [Folia Async Scheduler Thread #1/INFO]: [SkinsRestorer] Do you have issues? Read our troubleshooting guide: https://skinsrestorer.net/docs/troubleshooting
[02:19:13] [Folia Async Scheduler Thread #1/INFO]: [SkinsRestorer] Want to support SkinsRestorer? Consider donating: https://skinsrestorer.net/donate
[02:19:14] [Server thread/INFO]: Loading 0 persistent chunks for world 'minecraft:overworld'...
[02:19:14] [Server thread/INFO]: Prepared spawn area in 2 ms
[02:19:14] [Server thread/INFO]: Loading 0 persistent chunks for world 'minecraft:the_nether'...
[02:19:14] [Server thread/INFO]: Prepared spawn area in 0 ms
[02:19:14] [Server thread/INFO]: Loading 0 persistent chunks for world 'minecraft:the_end'...
[02:19:14] [Server thread/INFO]: Prepared spawn area in 5 ms
[02:19:14] [Server thread/INFO]: Done preparing level "world" (1.059s)
[02:19:14] [Server thread/INFO]: [spark] Starting background profiler...
[02:19:15] [Server thread/INFO]: Running delayed init tasks
[02:19:15] [Server thread/INFO]: Done (23.511s)! For help, type "help"
[02:37:33] [User Authenticator #0/INFO]: UUID of player Melart9219 is f2dac0ae-b053-357d-a25b-c108939c169e
[02:37:37] [Server thread/INFO]: Melart9219 joined the game
[02:37:37] [Server thread/INFO]: Melart9219[/127.3.197.60:55623] logged in with entity id 105 at ([world]-271.5, 94.5625, -459.5)
[04:11:36] [Server thread/WARN]: Melart9219 moved wrongly!
[04:26:45] [Server thread/INFO]: Melart9219 lost connection: Disconnected
[04:26:45] [Server thread/INFO]: Melart9219 left the game
[04:27:18] [Server thread/INFO]: Stopping the server
[04:27:19] [Server thread/INFO]: Stopping server
[04:27:19] [Server thread/INFO]: [SkinsRestorer] Disabling SkinsRestorer v15.9.1
[04:27:19] [Server thread/INFO]: Saving players
[04:27:19] [Server thread/INFO]: Saving worlds
[04:27:19] [Server thread/INFO]: Saving chunks for level 'ServerLevel[world]'/minecraft:overworld
[04:27:19] [Server thread/INFO]: [ChunkHolderManager] Waiting 60s for chunk system to halt for world 'world'
[04:27:19] [Server thread/INFO]: [ChunkHolderManager] Halted chunk system for world 'world'
[04:27:19] [Server thread/INFO]: [ChunkHolderManager] Saving all chunkholders for world 'world'
[04:27:19] [Server thread/INFO]: [ChunkHolderManager] Saved 0 block chunks, 0 entity chunks, 0 poi chunks in world 'world' in 0.01s
[04:27:19] [Server thread/INFO]: [ChunkHolderManager] Waiting 60s for chunk I/O to halt for world 'world'
[04:27:19] [Server thread/INFO]: [ChunkHolderManager] Halted I/O scheduler for world 'world'
[04:27:19] [Server thread/INFO]: Saving chunks for level 'ServerLevel[world_nether]'/minecraft:the_nether
[04:27:19] [Server thread/INFO]: [ChunkHolderManager] Waiting 60s for chunk system to halt for world 'world_nether'
[04:27:19] [Server thread/INFO]: [ChunkHolderManager] Halted chunk system for world 'world_nether'
[04:27:19] [Server thread/INFO]: [ChunkHolderManager] Saving all chunkholders for world 'world_nether'
[04:27:19] [Server thread/INFO]: [ChunkHolderManager] Saved 0 block chunks, 0 entity chunks, 0 poi chunks in world 'world_nether' in 0.00s
[04:27:19] [Server thread/INFO]: [ChunkHolderManager] Waiting 60s for chunk I/O to halt for world 'world_nether'
[04:27:19] [Server thread/INFO]: [ChunkHolderManager] Halted I/O scheduler for world 'world_nether'
[04:27:19] [Server thread/INFO]: Saving chunks for level 'ServerLevel[world_the_end]'/minecraft:the_end
[04:27:19] [Server thread/INFO]: [ChunkHolderManager] Waiting 60s for chunk system to halt for world 'world_the_end'
[04:27:19] [Server thread/INFO]: [ChunkHolderManager] Halted chunk system for world 'world_the_end'
[04:27:19] [Server thread/INFO]: [ChunkHolderManager] Saving all chunkholders for world 'world_the_end'
[04:27:19] [Server thread/INFO]: [ChunkHolderManager] Saved 0 block chunks, 0 entity chunks, 0 poi chunks in world 'world_the_end' in 0.00s
[04:27:19] [Server thread/INFO]: [ChunkHolderManager] Waiting 60s for chunk I/O to halt for world 'world_the_end'
[04:27:19] [Server thread/INFO]: [ChunkHolderManager] Halted I/O scheduler for world 'world_the_end'
[04:27:19] [Server thread/INFO]: ThreadedAnvilChunkStorage (world): All chunks are saved
[04:27:19] [Server thread/INFO]: ThreadedAnvilChunkStorage (DIM-1): All chunks are saved
[04:27:19] [Server thread/INFO]: ThreadedAnvilChunkStorage (DIM1): All chunks are saved
[04:27:19] [Server thread/INFO]: ThreadedAnvilChunkStorage: All dimensions are saved
[04:27:19] [Server thread/INFO]: Waiting for all RegionFile I/O tasks to complete...
[04:27:19] [Server thread/INFO]: All RegionFile I/O tasks to complete
[04:27:19] [Server thread/INFO]: [MoonriseCommon] Awaiting termination of worker pool for up to 60s...
[04:27:19] [Server thread/INFO]: [MoonriseCommon] Awaiting termination of I/O pool for up to 60s...
